Warning[205] ..\MAIN.ASM 1 : Found directive in column 1. (LIST)
Warning[215] ..\MAIN.ASM 1 : Processor superseded by command line.  Verify processor symbol.
Message[301] C:\PROGRAM FILES (X86)\LABCENTER ELECTRONICS\PROTEUS 8 PROFESSIONAL\VSM STUDIO\TOOLS\MPASM\P16F887.INC 33 : MESSAGE: (Processor-header file mismatch.  Verify selected processor.)
Message[302] ..\MAIN.ASM 30 : Register in operand not in bank 0.  Ensure that bank bits are correct.
Message[302] ..\MAIN.ASM 32 : Register in operand not in bank 0.  Ensure that bank bits are correct.
Message[302] ..\MAIN.ASM 35 : Register in operand not in bank 0.  Ensure that bank bits are correct.
Message[302] ..\MAIN.ASM 37 : Register in operand not in bank 0.  Ensure that bank bits are correct.
Message[302] ..\MAIN.ASM 38 : Register in operand not in bank 0.  Ensure that bank bits are correct.
Message[302] ..\MAIN.ASM 39 : Register in operand not in bank 0.  Ensure that bank bits are correct.
Message[302] ..\MAIN.ASM 40 : Register in operand not in bank 0.  Ensure that bank bits are correct.
Message[302] ..\MAIN.ASM 41 : Register in operand not in bank 0.  Ensure that bank bits are correct.
Message[302] ..\MAIN.ASM 42 : Register in operand not in bank 0.  Ensure that bank bits are correct.
Message[302] ..\MAIN.ASM 43 : Register in operand not in bank 0.  Ensure that bank bits are correct.
Message[302] ..\MAIN.ASM 44 : Register in operand not in bank 0.  Ensure that bank bits are correct.
Message[302] ..\MAIN.ASM 45 : Register in operand not in bank 0.  Ensure that bank bits are correct.
Message[302] ..\MAIN.ASM 46 : Register in operand not in bank 0.  Ensure that bank bits are correct.
Message[302] ..\MAIN.ASM 48 : Register in operand not in bank 0.  Ensure that bank bits are correct.
Message[302] ..\MAIN.ASM 108 : Register in operand not in bank 0.  Ensure that bank bits are correct.
Message[302] ..\MAIN.ASM 109 : Register in operand not in bank 0.  Ensure that bank bits are correct.
Message[302] ..\MAIN.ASM 198 : Register in operand not in bank 0.  Ensure that bank bits are correct.
Message[302] ..\MAIN.ASM 236 : Register in operand not in bank 0.  Ensure that bank bits are correct.
Message[305] ..\MAIN.ASM 275 : Using default destination of 1 (file).
Message[305] ..\MAIN.ASM 279 : Using default destination of 1 (file).
Message[305] ..\MAIN.ASM 282 : Using default destination of 1 (file).
Message[305] ..\MAIN.ASM 287 : Using default destination of 1 (file).
Message[302] ..\MAIN.ASM 300 : Register in operand not in bank 0.  Ensure that bank bits are correct.
Message[302] ..\MAIN.ASM 317 : Register in operand not in bank 0.  Ensure that bank bits are correct.
Message[305] ..\MAIN.ASM 377 : Using default destination of 1 (file).
Message[305] ..\MAIN.ASM 378 : Using default destination of 1 (file).
Message[305] ..\MAIN.ASM 390 : Using default destination of 1 (file).
Message[305] ..\MAIN.ASM 392 : Using default destination of 1 (file).
